#
# There is insufficient memory for the Java Runtime Environment to continue.
# Native memory allocation (malloc) failed to allocate 285616 bytes for Chunk::new
# Possible reasons:
#   The system is out of physical RAM or swap space
#   The process is running with CompressedOops enabled, and the Java Heap may be blocking the growth of the native heap
# Possible solutions:
#   Reduce memory load on the system
#   Increase physical memory or swap space
#   Check if swap backing store is full
#   Decrease Java heap size (-Xmx/-Xms)
#   Decrease number of Java threads
#   Decrease Java thread stack sizes (-Xss)
#   Set larger code cache with -XX:ReservedCodeCacheSize=
#   JVM is running with Zero Based Compressed Oops mode in which the Java heap is
#     placed in the first 32GB address space. The Java Heap base address is the
#     maximum limit for the native heap growth. Please use -XX:HeapBaseMinAddress
#     to set the Java Heap base and to place the Java Heap above 32GB virtual address.
# This output file may be truncated or incomplete.
#
#  Out of Memory Error (./src/hotspot/share/memory/arena.cpp:197), pid=17904, tid=16768
#
# JRE version: OpenJDK Runtime Environment Zulu11.56+19-CA (11.0.15+10) (build 11.0.15+10-LTS)
# Java VM: OpenJDK 64-Bit Server VM Zulu11.56+19-CA (11.0.15+10-LTS, mixed mode, tiered, compressed oops, g1 gc, windows-amd64)
# No core dump will be written. Minidumps are not enabled by default on client versions of Windows
#

---------------  S U M M A R Y ------------

Command Line: -Dclassworlds.conf=F:\DIV\maven\bin\..\bin\m2.conf -Dmaven.home=F:\DIV\maven\bin\.. -Dlibrary.jansi.path=F:\DIV\maven\bin\..\lib\jansi-native -Dmaven.multiModuleProjectDirectory=C:\Users\lamb\Documents\NetBeansProjects\TestesLogicos org.codehaus.plexus.classworlds.launcher.Launcher -Dexec.args=-classpath %classpath com.mycompany.testeslogicos.Teste -Dexec.executable=C:\RECH\zulu11.0.15\x64\bin\java.exe -Dmaven.ext.class.path=C:\isCOBOL\Netbeans_11\java\maven-nblib\netbeans-eventspy.jar -Dfile.encoding=UTF-8 org.codehaus.mojo:exec-maven-plugin:1.5.0:exec

Host: Intel(R) Core(TM) i7-4770 CPU @ 3.40GHz, 8 cores, 15G,  Windows 10 , 64 bit Build 19041 (10.0.19041.1202)
Time: Wed Jul 13 15:29:36 2022 Hora Padrão da Bahia elapsed time: 8.519792 seconds (0d 0h 0m 8s)

---------------  T H R E A D  ---------------

Current thread (0x000002cf3617a000):  JavaThread "C2 CompilerThread0" daemon [_thread_in_native, id=16768, stack(0x000000ebd1e00000,0x000000ebd1f00000)]


Current CompileTask:
C2:   8519 1352       4       jdk.internal.loader.URLClassPath::getResource (74 bytes)

Stack: [0x000000ebd1e00000,0x000000ebd1f00000]
Native frames: (J=compiled Java code, j=interpreted, Vv=VM code, C=native code)
V  [jvm.dll+0x648d2a]
V  [jvm.dll+0x7dc5c9]
V  [jvm.dll+0x7ddcc9]
V  [jvm.dll+0x7de3b3]
V  [jvm.dll+0x26c335]
V  [jvm.dll+0xc17cc]
V  [jvm.dll+0xc1d7c]
V  [jvm.dll+0x2dd542]
V  [jvm.dll+0x554859]
V  [jvm.dll+0x21fc7d]
V  [jvm.dll+0x222004]
V  [jvm.dll+0x21f364]
V  [jvm.dll+0x19e0b1]
V  [jvm.dll+0x22f609]
V  [jvm.dll+0x22d77f]
V  [jvm.dll+0x79d771]
V  [jvm.dll+0x796594]
V  [jvm.dll+0x647ad6]
C  [ucrtbase.dll+0x21bb2]
C  [KERNEL32.DLL+0x17034]
C  [ntdll.dll+0x52651]


---------------  P R O C E S S  ---------------

Threads class SMR info:
_java_thread_list=0x000002cf37017c60, length=10, elements={
0x000002cf0eb50800, 0x000002cf358ac800, 0x000002cf358b6000, 0x000002cf361c5800,
0x000002cf358cc000, 0x000002cf358ce000, 0x000002cf3617a000, 0x000002cf36180000,
0x000002cf36181800, 0x000002cf36341800
}

Java Threads: ( => current thread )
  0x000002cf0eb50800 JavaThread "main" [_thread_in_native, id=18240, stack(0x000000ebd1200000,0x000000ebd1300000)]
  0x000002cf358ac800 JavaThread "Reference Handler" daemon [_thread_blocked, id=15808, stack(0x000000ebd1900000,0x000000ebd1a00000)]
  0x000002cf358b6000 JavaThread "Finalizer" daemon [_thread_blocked, id=18080, stack(0x000000ebd1a00000,0x000000ebd1b00000)]
  0x000002cf361c5800 JavaThread "Signal Dispatcher" daemon [_thread_blocked, id=18076, stack(0x000000ebd1b00000,0x000000ebd1c00000)]
  0x000002cf358cc000 JavaThread "Attach Listener" daemon [_thread_blocked, id=18112, stack(0x000000ebd1c00000,0x000000ebd1d00000)]
  0x000002cf358ce000 JavaThread "Service Thread" daemon [_thread_blocked, id=18248, stack(0x000000ebd1d00000,0x000000ebd1e00000)]
=>0x000002cf3617a000 JavaThread "C2 CompilerThread0" daemon [_thread_in_native, id=16768, stack(0x000000ebd1e00000,0x000000ebd1f00000)]
  0x000002cf36180000 JavaThread "C1 CompilerThread0" daemon [_thread_blocked, id=11448, stack(0x000000ebd1f00000,0x000000ebd2000000)]
  0x000002cf36181800 JavaThread "Sweeper thread" daemon [_thread_blocked, id=16324, stack(0x000000ebd2000000,0x000000ebd2100000)]
  0x000002cf36341800 JavaThread "Common-Cleaner" daemon [_thread_blocked, id=17488, stack(0x000000ebd2200000,0x000000ebd2300000)]

Other Threads:
  0x000002cf358aa000 VMThread "VM Thread" [stack: 0x000000ebd1800000,0x000000ebd1900000] [id=17508]
  0x000002cf36330000 WatcherThread [stack: 0x000000ebd2100000,0x000000ebd2200000] [id=1952]
  0x000002cf0eb67800 GCTaskThread "GC Thread#0" [stack: 0x000000ebd1300000,0x000000ebd1400000] [id=17792]
  0x000002cf37139800 GCTaskThread "GC Thread#1" [stack: 0x000000ebd2300000,0x000000ebd2400000] [id=19820]
  0x000002cf37121800 GCTaskThread "GC Thread#2" [stack: 0x000000ebd2400000,0x000000ebd2500000] [id=19824]
  0x000002cf37122000 GCTaskThread "GC Thread#3" [stack: 0x000000ebd2500000,0x000000ebd2600000] [id=19828]
  0x000002cf37123000 GCTaskThread "GC Thread#4" [stack: 0x000000ebd2600000,0x000000ebd2700000] [id=19832]
  0x000002cf37123800 GCTaskThread "GC Thread#5" [stack: 0x000000ebd2700000,0x000000ebd2800000] [id=19836]
  0x000002cf0ebc7000 ConcurrentGCThread "G1 Main Marker" [stack: 0x000000ebd1400000,0x000000ebd1500000] [id=18224]
  0x000002cf0ebc9000 ConcurrentGCThread "G1 Conc#0" [stack: 0x000000ebd1500000,0x000000ebd1600000] [id=18232]
  0x000002cf35790000 ConcurrentGCThread "G1 Refine#0" [stack: 0x000000ebd1600000,0x000000ebd1700000] [id=18228]
  0x000002cf35791000 ConcurrentGCThread "G1 Young RemSet Sampling" [stack: 0x000000ebd1700000,0x000000ebd1800000] [id=18276]

Threads with active compile tasks:
C2 CompilerThread0     8570 1352       4       jdk.internal.loader.URLClassPath::getResource (74 bytes)

VM state:not at safepoint (normal execution)

VM Mutex/Monitor currently owned by a thread: None

Heap address: 0x0000000701400000, size: 4076 MB, Compressed Oops mode: Zero based, Oop shift amount: 3
Narrow klass base: 0x0000000800000000, Narrow klass shift: 0
Compressed class space size: 1073741824 Address: 0x0000000800000000

Heap:
 garbage-first heap   total 262144K, used 21085K [0x0000000701400000, 0x0000000800000000)
  region size 1024K, 21 young (21504K), 3 survivors (3072K)
 Metaspace       used 15026K, capacity 15260K, committed 15488K, reserved 1062912K
  class space    used 1532K, capacity 1611K, committed 1664K, reserved 1048576K
Heap Regions: E=young(eden), S=young(survivor), O=old, HS=humongous(starts), HC=humongous(continues), CS=collection set, F=free, A=archive, TAMS=top-at-mark-start (previous, next)
|   0|0x0000000701400000, 0x0000000701497600, 0x0000000701500000| 59%| O|  |TAMS 0x0000000701400000, 0x0000000701400000| Untracked 
|   1|0x0000000701500000, 0x0000000701500000, 0x0000000701600000|  0%| F|  |TAMS 0x0000000701500000, 0x0000000701500000| Untracked 
|   2|0x0000000701600000, 0x0000000701600000, 0x0000000701700000|  0%| F|  |TAMS 0x0000000701600000, 0x0000000701600000| Untracked 
|   3|0x0000000701700000, 0x0000000701700000, 0x0000000701800000|  0%| F|  |TAMS 0x0000000701700000, 0x0000000701700000| Untracked 
|   4|0x0000000701800000, 0x0000000701800000, 0x0000000701900000|  0%| F|  |TAMS 0x0000000701800000, 0x0000000701800000| Untracked 
|   5|0x0000000701900000, 0x0000000701900000, 0x0000000701a00000|  0%| F|  |TAMS 0x0000000701900000, 0x0000000701900000| Untracked 
|   6|0x0000000701a00000, 0x0000000701a00000, 0x0000000701b00000|  0%| F|  |TAMS 0x0000000701a00000, 0x0000000701a00000| Untracked 
|   7|0x0000000701b00000, 0x0000000701b00000, 0x0000000701c00000|  0%| F|  |TAMS 0x0000000701b00000, 0x0000000701b00000| Untracked 
|   8|0x0000000701c00000, 0x0000000701c00000, 0x0000000701d00000|  0%| F|  |TAMS 0x0000000701c00000, 0x0000000701c00000| Untracked 
|   9|0x0000000701d00000, 0x0000000701d00000, 0x0000000701e00000|  0%| F|  |TAMS 0x0000000701d00000, 0x0000000701d00000| Untracked 
|  10|0x0000000701e00000, 0x0000000701e00000, 0x0000000701f00000|  0%| F|  |TAMS 0x0000000701e00000, 0x0000000701e00000| Untracked 
|  11|0x0000000701f00000, 0x0000000701f00000, 0x0000000702000000|  0%| F|  |TAMS 0x0000000701f00000, 0x0000000701f00000| Untracked 
|  12|0x0000000702000000, 0x0000000702000000, 0x0000000702100000|  0%| F|  |TAMS 0x0000000702000000, 0x0000000702000000| Untracked 
|  13|0x0000000702100000, 0x0000000702100000, 0x0000000702200000|  0%| F|  |TAMS 0x0000000702100000, 0x0000000702100000| Untracked 
|  14|0x0000000702200000, 0x0000000702200000, 0x0000000702300000|  0%| F|  |TAMS 0x0000000702200000, 0x0000000702200000| Untracked 
|  15|0x0000000702300000, 0x0000000702300000, 0x0000000702400000|  0%| F|  |TAMS 0x0000000702300000, 0x0000000702300000| Untracked 
|  16|0x0000000702400000, 0x0000000702400000, 0x0000000702500000|  0%| F|  |TAMS 0x0000000702400000, 0x0000000702400000| Untracked 
|  17|0x0000000702500000, 0x0000000702500000, 0x0000000702600000|  0%| F|  |TAMS 0x0000000702500000, 0x0000000702500000| Untracked 
|  18|0x0000000702600000, 0x0000000702600000, 0x0000000702700000|  0%| F|  |TAMS 0x0000000702600000, 0x0000000702600000| Untracked 
|  19|0x0000000702700000, 0x0000000702700000, 0x0000000702800000|  0%| F|  |TAMS 0x0000000702700000, 0x0000000702700000| Untracked 
|  20|0x0000000702800000, 0x0000000702800000, 0x0000000702900000|  0%| F|  |TAMS 0x0000000702800000, 0x0000000702800000| Untracked 
|  21|0x0000000702900000, 0x0000000702900000, 0x0000000702a00000|  0%| F|  |TAMS 0x0000000702900000, 0x0000000702900000| Untracked 
|  22|0x0000000702a00000, 0x0000000702a00000, 0x0000000702b00000|  0%| F|  |TAMS 0x0000000702a00000, 0x0000000702a00000| Untracked 
|  23|0x0000000702b00000, 0x0000000702b00000, 0x0000000702c00000|  0%| F|  |TAMS 0x0000000702b00000, 0x0000000702b00000| Untracked 
|  24|0x0000000702c00000, 0x0000000702c00000, 0x0000000702d00000|  0%| F|  |TAMS 0x0000000702c00000, 0x0000000702c00000| Untracked 
|  25|0x0000000702d00000, 0x0000000702d00000, 0x0000000702e00000|  0%| F|  |TAMS 0x0000000702d00000, 0x0000000702d00000| Untracked 
|  26|0x0000000702e00000, 0x0000000702e00000, 0x0000000702f00000|  0%| F|  |TAMS 0x0000000702e00000, 0x0000000702e00000| Untracked 
|  27|0x0000000702f00000, 0x0000000702f00000, 0x0000000703000000|  0%| F|  |TAMS 0x0000000702f00000, 0x0000000702f00000| Untracked 
|  28|0x0000000703000000, 0x0000000703000000, 0x0000000703100000|  0%| F|  |TAMS 0x0000000703000000, 0x0000000703000000| Untracked 
|  29|0x0000000703100000, 0x0000000703100000, 0x0000000703200000|  0%| F|  |TAMS 0x0000000703100000, 0x0000000703100000| Untracked 
|  30|0x0000000703200000, 0x0000000703200000, 0x0000000703300000|  0%| F|  |TAMS 0x0000000703200000, 0x0000000703200000| Untracked 
|  31|0x0000000703300000, 0x0000000703300000, 0x0000000703400000|  0%| F|  |TAMS 0x0000000703300000, 0x0000000703300000| Untracked 
|  32|0x0000000703400000, 0x0000000703400000, 0x0000000703500000|  0%| F|  |TAMS 0x0000000703400000, 0x0000000703400000| Untracked 
|  33|0x0000000703500000, 0x0000000703500000, 0x0000000703600000|  0%| F|  |TAMS 0x0000000703500000, 0x0000000703500000| Untracked 
|  34|0x0000000703600000, 0x0000000703600000, 0x0000000703700000|  0%| F|  |TAMS 0x0000000703600000, 0x0000000703600000| Untracked 
|  35|0x0000000703700000, 0x0000000703700000, 0x0000000703800000|  0%| F|  |TAMS 0x0000000703700000, 0x0000000703700000| Untracked 
|  36|0x0000000703800000, 0x0000000703800000, 0x0000000703900000|  0%| F|  |TAMS 0x0000000703800000, 0x0000000703800000| Untracked 
|  37|0x0000000703900000, 0x0000000703900000, 0x0000000703a00000|  0%| F|  |TAMS 0x0000000703900000, 0x0000000703900000| Untracked 
|  38|0x0000000703a00000, 0x0000000703a00000, 0x0000000703b00000|  0%| F|  |TAMS 0x0000000703a00000, 0x0000000703a00000| Untracked 
|  39|0x0000000703b00000, 0x0000000703b00000, 0x0000000703c00000|  0%| F|  |TAMS 0x0000000703b00000, 0x0000000703b00000| Untracked 
|  40|0x0000000703c00000, 0x0000000703c00000, 0x0000000703d00000|  0%| F|  |TAMS 0x0000000703c00000, 0x0000000703c00000| Untracked 
|  41|0x0000000703d00000, 0x0000000703d00000, 0x0000000703e00000|  0%| F|  |TAMS 0x0000000703d00000, 0x0000000703d00000| Untracked 
|  42|0x0000000703e00000, 0x0000000703e00000, 0x0000000703f00000|  0%| F|  |TAMS 0x0000000703e00000, 0x0000000703e00000| Untracked 
|  43|0x0000000703f00000, 0x0000000703f00000, 0x0000000704000000|  0%| F|  |TAMS 0x0000000703f00000, 0x0000000703f00000| Untracked 
|  44|0x0000000704000000, 0x0000000704000000, 0x0000000704100000|  0%| F|  |TAMS 0x0000000704000000, 0x0000000704000000| Untracked 
|  45|0x0000000704100000, 0x0000000704100000, 0x0000000704200000|  0%| F|  |TAMS 0x0000000704100000, 0x0000000704100000| Untracked 
|  46|0x0000000704200000, 0x0000000704200000, 0x0000000704300000|  0%| F|  |TAMS 0x0000000704200000, 0x0000000704200000| Untracked 
|  47|0x0000000704300000, 0x0000000704300000, 0x0000000704400000|  0%| F|  |TAMS 0x0000000704300000, 0x0000000704300000| Untracked 
|  48|0x0000000704400000, 0x0000000704400000, 0x0000000704500000|  0%| F|  |TAMS 0x0000000704400000, 0x0000000704400000| Untracked 
|  49|0x0000000704500000, 0x0000000704500000, 0x0000000704600000|  0%| F|  |TAMS 0x0000000704500000, 0x0000000704500000| Untracked 
|  50|0x0000000704600000, 0x0000000704600000, 0x0000000704700000|  0%| F|  |TAMS 0x0000000704600000, 0x0000000704600000| Untracked 
|  51|0x0000000704700000, 0x0000000704700000, 0x0000000704800000|  0%| F|  |TAMS 0x0000000704700000, 0x0000000704700000| Untracked 
|  52|0x0000000704800000, 0x0000000704800000, 0x0000000704900000|  0%| F|  |TAMS 0x0000000704800000, 0x0000000704800000| Untracked 
|  53|0x0000000704900000, 0x0000000704900000, 0x0000000704a00000|  0%| F|  |TAMS 0x0000000704900000, 0x0000000704900000| Untracked 
|  54|0x0000000704a00000, 0x0000000704a00000, 0x0000000704b00000|  0%| F|  |TAMS 0x0000000704a00000, 0x0000000704a00000| Untracked 
|  55|0x0000000704b00000, 0x0000000704b00000, 0x0000000704c00000|  0%| F|  |TAMS 0x0000000704b00000, 0x0000000704b00000| Untracked 
|  56|0x0000000704c00000, 0x0000000704c00000, 0x0000000704d00000|  0%| F|  |TAMS 0x0000000704c00000, 0x0000000704c00000| Untracked 
|  57|0x0000000704d00000, 0x0000000704d00000, 0x0000000704e00000|  0%| F|  |TAMS 0x0000000704d00000, 0x0000000704d00000| Untracked 
|  58|0x0000000704e00000, 0x0000000704e00000, 0x0000000704f00000|  0%| F|  |TAMS 0x0000000704e00000, 0x0000000704e00000| Untracked 
|  59|0x0000000704f00000, 0x0000000704f00000, 0x0000000705000000|  0%| F|  |TAMS 0x0000000704f00000, 0x0000000704f00000| Untracked 
|  60|0x0000000705000000, 0x0000000705000000, 0x0000000705100000|  0%| F|  |TAMS 0x0000000705000000, 0x0000000705000000| Untracked 
|  61|0x0000000705100000, 0x0000000705100000, 0x0000000705200000|  0%| F|  |TAMS 0x0000000705100000, 0x0000000705100000| Untracked 
|  62|0x0000000705200000, 0x0000000705200000, 0x0000000705300000|  0%| F|  |TAMS 0x0000000705200000, 0x0000000705200000| Untracked 
|  63|0x0000000705300000, 0x0000000705300000, 0x0000000705400000|  0%| F|  |TAMS 0x0000000705300000, 0x0000000705300000| Untracked 
|  64|0x0000000705400000, 0x0000000705400000, 0x0000000705500000|  0%| F|  |TAMS 0x0000000705400000, 0x0000000705400000| Untracked 
|  65|0x0000000705500000, 0x0000000705500000, 0x0000000705600000|  0%| F|  |TAMS 0x0000000705500000, 0x0000000705500000| Untracked 
|  66|0x0000000705600000, 0x0000000705600000, 0x0000000705700000|  0%| F|  |TAMS 0x0000000705600000, 0x0000000705600000| Untracked 
|  67|0x0000000705700000, 0x0000000705700000, 0x0000000705800000|  0%| F|  |TAMS 0x0000000705700000, 0x0000000705700000| Untracked 
|  68|0x0000000705800000, 0x0000000705800000, 0x0000000705900000|  0%| F|  |TAMS 0x0000000705800000, 0x0000000705800000| Untracked 
|  69|0x0000000705900000, 0x0000000705900000, 0x0000000705a00000|  0%| F|  |TAMS 0x0000000705900000, 0x0000000705900000| Untracked 
|  70|0x0000000705a00000, 0x0000000705a00000, 0x0000000705b00000|  0%| F|  |TAMS 0x0000000705a00000, 0x0000000705a00000| Untracked 
|  71|0x0000000705b00000, 0x0000000705b00000, 0x0000000705c00000|  0%| F|  |TAMS 0x0000000705b00000, 0x0000000705b00000| Untracked 
|  72|0x0000000705c00000, 0x0000000705c00000, 0x0000000705d00000|  0%| F|  |TAMS 0x0000000705c00000, 0x0000000705c00000| Untracked 
|  73|0x0000000705d00000, 0x0000000705d00000, 0x0000000705e00000|  0%| F|  |TAMS 0x0000000705d00000, 0x0000000705d00000| Untracked 
|  74|0x0000000705e00000, 0x0000000705e00000, 0x0000000705f00000|  0%| F|  |TAMS 0x0000000705e00000, 0x0000000705e00000| Untracked 
|  75|0x0000000705f00000, 0x0000000705f00000, 0x0000000706000000|  0%| F|  |TAMS 0x0000000705f00000, 0x0000000705f00000| Untracked 
|  76|0x0000000706000000, 0x0000000706000000, 0x0000000706100000|  0%| F|  |TAMS 0x0000000706000000, 0x0000000706000000| Untracked 
|  77|0x0000000706100000, 0x0000000706100000, 0x0000000706200000|  0%| F|  |TAMS 0x0000000706100000, 0x0000000706100000| Untracked 
|  78|0x0000000706200000, 0x0000000706200000, 0x0000000706300000|  0%| F|  |TAMS 0x0000000706200000, 0x0000000706200000| Untracked 
|  79|0x0000000706300000, 0x0000000706300000, 0x0000000706400000|  0%| F|  |TAMS 0x0000000706300000, 0x0000000706300000| Untracked 
|  80|0x0000000706400000, 0x0000000706400000, 0x0000000706500000|  0%| F|  |TAMS 0x0000000706400000, 0x0000000706400000| Untracked 
|  81|0x0000000706500000, 0x0000000706500000, 0x0000000706600000|  0%| F|  |TAMS 0x0000000706500000, 0x0000000706500000| Untracked 
|  82|0x0000000706600000, 0x0000000706600000, 0x0000000706700000|  0%| F|  |TAMS 0x0000000706600000, 0x0000000706600000| Untracked 
|  83|0x0000000706700000, 0x0000000706700000, 0x0000000706800000|  0%| F|  |TAMS 0x0000000706700000, 0x0000000706700000| Untracked 
|  84|0x0000000706800000, 0x0000000706800000, 0x0000000706900000|  0%| F|  |TAMS 0x0000000706800000, 0x0000000706800000| Untracked 
|  85|0x0000000706900000, 0x0000000706900000, 0x0000000706a00000|  0%| F|  |TAMS 0x0000000706900000, 0x0000000706900000| Untracked 
|  86|0x0000000706a00000, 0x0000000706a00000, 0x0000000706b00000|  0%| F|  |TAMS 0x0000000706a00000, 0x0000000706a00000| Untracked 
|  87|0x0000000706b00000, 0x0000000706b00000, 0x0000000706c00000|  0%| F|  |TAMS 0x0000000706b00000, 0x0000000706b00000| Untracked 
|  88|0x0000000706c00000, 0x0000000706c00000, 0x0000000706d00000|  0%| F|  |TAMS 0x0000000706c00000, 0x0000000706c00000| Untracked 
|  89|0x0000000706d00000, 0x0000000706d00000, 0x0000000706e00000|  0%| F|  |TAMS 0x0000000706d00000, 0x0000000706d00000| Untracked 
|  90|0x0000000706e00000, 0x0000000706e00000, 0x0000000706f00000|  0%| F|  |TAMS 0x0000000706e00000, 0x0000000706e00000| Untracked 
|  91|0x0000000706f00000, 0x0000000706f00000, 0x0000000707000000|  0%| F|  |TAMS 0x0000000706f00000, 0x0000000706f00000| Untracked 
|  92|0x0000000707000000, 0x0000000707000000, 0x0000000707100000|  0%| F|  |TAMS 0x0000000707000000, 0x0000000707000000| Untracked 
|  93|0x0000000707100000, 0x0000000707100000, 0x0000000707200000|  0%| F|  |TAMS 0x0000000707100000, 0x0000000707100000| Untracked 
|  94|0x0000000707200000, 0x0000000707200000, 0x0000000707300000|  0%| F|  |TAMS 0x0000000707200000, 0x0000000707200000| Untracked 
|  95|0x0000000707300000, 0x0000000707300000, 0x0000000707400000|  0%| F|  |TAMS 0x0000000707300000, 0x0000000707300000| Untracked 
|  96|0x0000000707400000, 0x0000000707400000, 0x0000000707500000|  0%| F|  |TAMS 0x0000000707400000, 0x0000000707400000| Untracked 
|  97|0x0000000707500000, 0x0000000707500000, 0x0000000707600000|  0%| F|  |TAMS 0x0000000707500000, 0x0000000707500000| Untracked 
|  98|0x0000000707600000, 0x0000000707600000, 0x0000000707700000|  0%| F|  |TAMS 0x0000000707600000, 0x0000000707600000| Untracked 
|  99|0x0000000707700000, 0x0000000707700000, 0x0000000707800000|  0%| F|  |TAMS 0x0000000707700000, 0x0000000707700000| Untracked 
| 100|0x0000000707800000, 0x0000000707800000, 0x0000000707900000|  0%| F|  |TAMS 0x0000000707800000, 0x0000000707800000| Untracked 
| 101|0x0000000707900000, 0x0000000707900000, 0x0000000707a00000|  0%| F|  |TAMS 0x0000000707900000, 0x0000000707900000| Untracked 
| 102|0x0000000707a00000, 0x0000000707a00000, 0x0000000707b00000|  0%| F|  |TAMS 0x0000000707a00000, 0x0000000707a00000| Untracked 
| 103|0x0000000707b00000, 0x0000000707b00000, 0x0000000707c00000|  0%| F|  |TAMS 0x0000000707b00000, 0x0000000707b00000| Untracked 
| 104|0x0000000707c00000, 0x0000000707c00000, 0x0000000707d00000|  0%| F|  |TAMS 0x0000000707c00000, 0x0000000707c00000| Untracked 
| 105|0x0000000707d00000, 0x0000000707d00000, 0x0000000707e00000|  0%| F|  |TAMS 0x0000000707d00000, 0x0000000707d00000| Untracked 
| 106|0x0000000707e00000, 0x0000000707e00000, 0x0000000707f00000|  0%| F|  |TAMS 0x0000000707e00000, 0x0000000707e00000| Untracked 
| 107|0x0000000707f00000, 0x0000000707f00000, 0x0000000708000000|  0%| F|  |TAMS 0x0000000707f00000, 0x0000000707f00000| Untracked 
| 108|0x0000000708000000, 0x0000000708000000, 0x0000000708100000|  0%| F|  |TAMS 0x0000000708000000, 0x0000000708000000| Untracked 
| 109|0x0000000708100000, 0x0000000708100000, 0x0000000708200000|  0%| F|  |TAMS 0x0000000708100000, 0x0000000708100000| Untracked 
| 110|0x0000000708200000, 0x0000000708200000, 0x0000000708300000|  0%| F|  |TAMS 0x0000000708200000, 0x0000000708200000| Untracked 
| 111|0x0000000708300000, 0x0000000708300000, 0x0000000708400000|  0%| F|  |TAMS 0x0000000708300000, 0x0000000708300000| Untracked 
| 112|0x0000000708400000, 0x0000000708400000, 0x0000000708500000|  0%| F|  |TAMS 0x0000000708400000, 0x0000000708400000| Untracked 
| 113|0x0000000708500000, 0x0000000708500000, 0x0000000708600000|  0%| F|  |TAMS 0x0000000708500000, 0x0000000708500000| Untracked 
| 114|0x0000000708600000, 0x0000000708600000, 0x0000000708700000|  0%| F|  |TAMS 0x0000000708600000, 0x0000000708600000| Untracked 
| 115|0x0000000708700000, 0x0000000708700000, 0x0000000708800000|  0%| F|  |TAMS 0x0000000708700000, 0x0000000708700000| Untracked 
| 116|0x0000000708800000, 0x0000000708800000, 0x0000000708900000|  0%| F|  |TAMS 0x0000000708800000, 0x0000000708800000| Untracked 
| 117|0x0000000708900000, 0x0000000708900000, 0x0000000708a00000|  0%| F|  |TAMS 0x0000000708900000, 0x0000000708900000| Untracked 
| 118|0x0000000708a00000, 0x0000000708a00000, 0x0000000708b00000|  0%| F|  |TAMS 0x0000000708a00000, 0x0000000708a00000| Untracked 
| 119|0x0000000708b00000, 0x0000000708b00000, 0x0000000708c00000|  0%| F|  |TAMS 0x0000000708b00000, 0x0000000708b00000| Untracked 
| 120|0x0000000708c00000, 0x0000000708c00000, 0x0000000708d00000|  0%| F|  |TAMS 0x0000000708c00000, 0x0000000708c00000| Untracked 
| 121|0x0000000708d00000, 0x0000000708d00000, 0x0000000708e00000|  0%| F|  |TAMS 0x0000000708d00000, 0x0000000708d00000| Untracked 
| 122|0x0000000708e00000, 0x0000000708e00000, 0x0000000708f00000|  0%| F|  |TAMS 0x0000000708e00000, 0x0000000708e00000| Untracked 
| 123|0x0000000708f00000, 0x0000000708f00000, 0x0000000709000000|  0%| F|  |TAMS 0x0000000708f00000, 0x0000000708f00000| Untracked 
| 124|0x0000000709000000, 0x0000000709000000, 0x0000000709100000|  0%| F|  |TAMS 0x0000000709000000, 0x0000000709000000| Untracked 
| 125|0x0000000709100000, 0x0000000709100000, 0x0000000709200000|  0%| F|  |TAMS 0x0000000709100000, 0x0000000709100000| Untracked 
| 126|0x0000000709200000, 0x0000000709200000, 0x0000000709300000|  0%| F|  |TAMS 0x0000000709200000, 0x0000000709200000| Untracked 
| 127|0x0000000709300000, 0x0000000709300000, 0x0000000709400000|  0%| F|  |TAMS 0x0000000709300000, 0x0000000709300000| Untracked 
| 128|0x0000000709400000, 0x0000000709400000, 0x0000000709500000|  0%| F|  |TAMS 0x0000000709400000, 0x0000000709400000| Untracked 
| 129|0x0000000709500000, 0x0000000709500000, 0x0000000709600000|  0%| F|  |TAMS 0x0000000709500000, 0x0000000709500000| Untracked 
| 130|0x0000000709600000, 0x0000000709600000, 0x0000000709700000|  0%| F|  |TAMS 0x0000000709600000, 0x0000000709600000| Untracked 
| 131|0x0000000709700000, 0x0000000709700000, 0x0000000709800000|  0%| F|  |TAMS 0x0000000709700000, 0x0000000709700000| Untracked 
| 132|0x0000000709800000, 0x0000000709800000, 0x0000000709900000|  0%| F|  |TAMS 0x0000000709800000, 0x0000000709800000| Untracked 
| 133|0x0000000709900000, 0x0000000709900000, 0x0000000709a00000|  0%| F|  |TAMS 0x0000000709900000, 0x0000000709900000| Untracked 
| 134|0x0000000709a00000, 0x0000000709a00000, 0x0000000709b00000|  0%| F|  |TAMS 0x0000000709a00000, 0x0000000709a00000| Untracked 
| 135|0x0000000709b00000, 0x0000000709b00000, 0x0000000709c00000|  0%| F|  |TAMS 0x0000000709b00000, 0x0000000709b00000| Untracked 
| 136|0x0000000709c00000, 0x0000000709c00000, 0x0000000709d00000|  0%| F|  |TAMS 0x0000000709c00000, 0x0000000709c00000| Untracked 
| 137|0x0000000709d00000, 0x0000000709d00000, 0x0000000709e00000|  0%| F|  |TAMS 0x0000000709d00000, 0x0000000709d00000| Untracked 
| 138|0x0000000709e00000, 0x0000000709e00000, 0x0000000709f00000|  0%| F|  |TAMS 0x0000000709e00000, 0x0000000709e00000| Untracked 
| 139|0x0000000709f00000, 0x0000000709f00000, 0x000000070a000000|  0%| F|  |TAMS 0x0000000709f00000, 0x0000000709f00000| Untracked 
| 140|0x000000070a000000, 0x000000070a000000, 0x000000070a100000|  0%| F|  |TAMS 0x000000070a000000, 0x000000070a000000| Untracked 
| 141|0x000000070a100000, 0x000000070a100000, 0x000000070a200000|  0%| F|  |TAMS 0x000000070a100000, 0x000000070a100000| Untracked 
| 142|0x000000070a200000, 0x000000070a200000, 0x000000070a300000|  0%| F|  |TAMS 0x000000070a200000, 0x000000070a200000| Untracked 
| 143|0x000000070a300000, 0x000000070a300000, 0x000000070a400000|  0%| F|  |TAMS 0x000000070a300000, 0x000000070a300000| Untracked 
| 144|0x000000070a400000, 0x000000070a400000, 0x000000070a500000|  0%| F|  |TAMS 0x000000070a400000, 0x000000070a400000| Untracked 
| 145|0x000000070a500000, 0x000000070a500000, 0x000000070a600000|  0%| F|  |TAMS 0x000000070a500000, 0x000000070a500000| Untracked 
| 146|0x000000070a600000, 0x000000070a600000, 0x000000070a700000|  0%| F|  |TAMS 0x000000070a600000, 0x000000070a600000| Untracked 
| 147|0x000000070a700000, 0x000000070a700000, 0x000000070a800000|  0%| F|  |TAMS 0x000000070a700000, 0x000000070a700000| Untracked 
| 148|0x000000070a800000, 0x000000070a800000, 0x000000070a900000|  0%| F|  |TAMS 0x000000070a800000, 0x000000070a800000| Untracked 
| 149|0x000000070a900000, 0x000000070a900000, 0x000000070aa00000|  0%| F|  |TAMS 0x000000070a900000, 0x000000070a900000| Untracked 
| 150|0x000000070aa00000, 0x000000070aa00000, 0x000000070ab00000|  0%| F|  |TAMS 0x000000070aa00000, 0x000000070aa00000| Untracked 
| 151|0x000000070ab00000, 0x000000070ab00000, 0x000000070ac00000|  0%| F|  |TAMS 0x000000070ab00000, 0x000000070ab00000| Untracked 
| 152|0x000000070ac00000, 0x000000070ac00000, 0x000000070ad00000|  0%| F|  |TAMS 0x000000070ac00000, 0x000000070ac00000| Untracked 
| 153|0x000000070ad00000, 0x000000070ad00000, 0x000000070ae00000|  0%| F|  |TAMS 0x000000070ad00000, 0x000000070ad00000| Untracked 
| 154|0x000000070ae00000, 0x000000070ae00000, 0x000000070af00000|  0%| F|  |TAMS 0x000000070ae00000, 0x000000070ae00000| Untracked 
| 155|0x000000070af00000, 0x000000070af00000, 0x000000070b000000|  0%| F|  |TAMS 0x000000070af00000, 0x000000070af00000| Untracked 
| 156|0x000000070b000000, 0x000000070b000000, 0x000000070b100000|  0%| F|  |TAMS 0x000000070b000000, 0x000000070b000000| Untracked 
| 157|0x000000070b100000, 0x000000070b100000, 0x000000070b200000|  0%| F|  |TAMS 0x000000070b100000, 0x000000070b100000| Untracked 
| 158|0x000000070b200000, 0x000000070b200000, 0x000000070b300000|  0%| F|  |TAMS 0x000000070b200000, 0x000000070b200000| Untracked 
| 159|0x000000070b300000, 0x000000070b300000, 0x000000070b400000|  0%| F|  |TAMS 0x000000070b300000, 0x000000070b300000| Untracked 
| 160|0x000000070b400000, 0x000000070b400000, 0x000000070b500000|  0%| F|  |TAMS 0x000000070b400000, 0x000000070b400000| Untracked 
| 161|0x000000070b500000, 0x000000070b500000, 0x000000070b600000|  0%| F|  |TAMS 0x000000070b500000, 0x000000070b500000| Untracked 
| 162|0x000000070b600000, 0x000000070b600000, 0x000000070b700000|  0%| F|  |TAMS 0x000000070b600000, 0x000000070b600000| Untracked 
| 163|0x000000070b700000, 0x000000070b700000, 0x000000070b800000|  0%| F|  |TAMS 0x000000070b700000, 0x000000070b700000| Untracked 
| 164|0x000000070b800000, 0x000000070b800000, 0x000000070b900000|  0%| F|  |TAMS 0x000000070b800000, 0x000000070b800000| Untracked 
| 165|0x000000070b900000, 0x000000070b900000, 0x000000070ba00000|  0%| F|  |TAMS 0x000000070b900000, 0x000000070b900000| Untracked 
| 166|0x000000070ba00000, 0x000000070ba00000, 0x000000070bb00000|  0%| F|  |TAMS 0x000000070ba00000, 0x000000070ba00000| Untracked 
| 167|0x000000070bb00000, 0x000000070bb00000, 0x000000070bc00000|  0%| F|  |TAMS 0x000000070bb00000, 0x000000070bb00000| Untracked 
| 168|0x000000070bc00000, 0x000000070bc00000, 0x000000070bd00000|  0%| F|  |TAMS 0x000000070bc00000, 0x000000070bc00000| Untracked 
| 169|0x000000070bd00000, 0x000000070bd00000, 0x000000070be00000|  0%| F|  |TAMS 0x000000070bd00000, 0x000000070bd00000| Untracked 
| 170|0x000000070be00000, 0x000000070be00000, 0x000000070bf00000|  0%| F|  |TAMS 0x000000070be00000, 0x000000070be00000| Untracked 
| 171|0x000000070bf00000, 0x000000070bf00000, 0x000000070c000000|  0%| F|  |TAMS 0x000000070bf00000, 0x000000070bf00000| Untracked 
| 172|0x000000070c000000, 0x000000070c000000, 0x000000070c100000|  0%| F|  |TAMS 0x000000070c000000, 0x000000070c000000| Untracked 
| 173|0x000000070c100000, 0x000000070c100000, 0x000000070c200000|  0%| F|  |TAMS 0x000000070c100000, 0x000000070c100000| Untracked 
| 174|0x000000070c200000, 0x000000070c200000, 0x000000070c300000|  0%| F|  |TAMS 0x000000070c200000, 0x000000070c200000| Untracked 
| 175|0x000000070c300000, 0x000000070c300000, 0x000000070c400000|  0%| F|  |TAMS 0x000000070c300000, 0x000000070c300000| Untracked 
| 176|0x000000070c400000, 0x000000070c400000, 0x000000070c500000|  0%| F|  |TAMS 0x000000070c400000, 0x000000070c400000| Untracked 
| 177|0x000000070c500000, 0x000000070c500000, 0x000000070c600000|  0%| F|  |TAMS 0x000000070c500000, 0x000000070c500000| Untracked 
| 178|0x000000070c600000, 0x000000070c600000, 0x000000070c700000|  0%| F|  |TAMS 0x000000070c600000, 0x000000070c600000| Untracked 
| 179|0x000000070c700000, 0x000000070c700000, 0x000000070c800000|  0%| F|  |TAMS 0x000000070c700000, 0x000000070c700000| Untracked 
| 180|0x000000070c800000, 0x000000070c800000, 0x000000070c900000|  0%| F|  |TAMS 0x000000070c800000, 0x000000070c800000| Untracked 
| 181|0x000000070c900000, 0x000000070c900000, 0x000000070ca00000|  0%| F|  |TAMS 0x000000070c900000, 0x000000070c900000| Untracked 
| 182|0x000000070ca00000, 0x000000070ca00000, 0x000000070cb00000|  0%| F|  |TAMS 0x000000070ca00000, 0x000000070ca00000| Untracked 
| 183|0x000000070cb00000, 0x000000070cb00000, 0x000000070cc00000|  0%| F|  |TAMS 0x000000070cb00000, 0x000000070cb00000| Untracked 
| 184|0x000000070cc00000, 0x000000070cc00000, 0x000000070cd00000|  0%| F|  |TAMS 0x000000070cc00000, 0x000000070cc00000| Untracked 
| 185|0x000000070cd00000, 0x000000070cd00000, 0x000000070ce00000|  0%| F|  |TAMS 0x000000070cd00000, 0x000000070cd00000| Untracked 
| 186|0x000000070ce00000, 0x000000070ce00000, 0x000000070cf00000|  0%| F|  |TAMS 0x000000070ce00000, 0x000000070ce00000| Untracked 
| 187|0x000000070cf00000, 0x000000070cf00000, 0x000000070d000000|  0%| F|  |TAMS 0x000000070cf00000, 0x000000070cf00000| Untracked 
| 188|0x000000070d000000, 0x000000070d000000, 0x000000070d100000|  0%| F|  |TAMS 0x000000070d000000, 0x000000070d000000| Untracked 
| 189|0x000000070d100000, 0x000000070d100000, 0x000000070d200000|  0%| F|  |TAMS 0x000000070d100000, 0x000000070d100000| Untracked 
| 190|0x000000070d200000, 0x000000070d200000, 0x000000070d300000|  0%| F|  |TAMS 0x000000070d200000, 0x000000070d200000| Untracked 
| 191|0x000000070d300000, 0x000000070d300000, 0x000000070d400000|  0%| F|  |TAMS 0x000000070d300000, 0x000000070d300000| Untracked 
| 192|0x000000070d400000, 0x000000070d400000, 0x000000070d500000|  0%| F|  |TAMS 0x000000070d400000, 0x000000070d400000| Untracked 
| 193|0x000000070d500000, 0x000000070d500000, 0x000000070d600000|  0%| F|  |TAMS 0x000000070d500000, 0x000000070d500000| Untracked 
| 194|0x000000070d600000, 0x000000070d600000, 0x000000070d700000|  0%| F|  |TAMS 0x000000070d600000, 0x000000070d600000| Untracked 
| 195|0x000000070d700000, 0x000000070d700000, 0x000000070d800000|  0%| F|  |TAMS 0x000000070d700000, 0x000000070d700000| Untracked 
| 196|0x000000070d800000, 0x000000070d800000, 0x000000070d900000|  0%| F|  |TAMS 0x000000070d800000, 0x000000070d800000| Untracked 
| 197|0x000000070d900000, 0x000000070d900000, 0x000000070da00000|  0%| F|  |TAMS 0x000000070d900000, 0x000000070d900000| Untracked 
| 198|0x000000070da00000, 0x000000070da00000, 0x000000070db00000|  0%| F|  |TAMS 0x000000070da00000, 0x000000070da00000| Untracked 
| 199|0x000000070db00000, 0x000000070db00000, 0x000000070dc00000|  0%| F|  |TAMS 0x000000070db00000, 0x000000070db00000| Untracked 
| 200|0x000000070dc00000, 0x000000070dc00000, 0x000000070dd00000|  0%| F|  |TAMS 0x000000070dc00000, 0x000000070dc00000| Untracked 
| 201|0x000000070dd00000, 0x000000070dd00000, 0x000000070de00000|  0%| F|  |TAMS 0x000000070dd00000, 0x000000070dd00000| Untracked 
| 202|0x000000070de00000, 0x000000070de00000, 0x000000070df00000|  0%| F|  |TAMS 0x000000070de00000, 0x000000070de00000| Untracked 
| 203|0x000000070df00000, 0x000000070df00000, 0x000000070e000000|  0%| F|  |TAMS 0x000000070df00000, 0x000000070df00000| Untracked 
| 204|0x000000070e000000, 0x000000070e000000, 0x000000070e100000|  0%| F|  |TAMS 0x000000070e000000, 0x000000070e000000| Untracked 
| 205|0x000000070e100000, 0x000000070e100000, 0x000000070e200000|  0%| F|  |TAMS 0x000000070e100000, 0x000000070e100000| Untracked 
| 206|0x000000070e200000, 0x000000070e200000, 0x000000070e300000|  0%| F|  |TAMS 0x000000070e200000, 0x000000070e200000| Untracked 
| 207|0x000000070e300000, 0x000000070e300000, 0x000000070e400000|  0%| F|  |TAMS 0x000000070e300000, 0x000000070e300000| Untracked 
| 208|0x000000070e400000, 0x000000070e400000, 0x000000070e500000|  0%| F|  |TAMS 0x000000070e400000, 0x000000070e400000| Untracked 
| 209|0x000000070e500000, 0x000000070e500000, 0x000000070e600000|  0%| F|  |TAMS 0x000000070e500000, 0x000000070e500000| Untracked 
| 210|0x000000070e600000, 0x000000070e600000, 0x000000070e700000|  0%| F|  |TAMS 0x000000070e600000, 0x000000070e600000| Untracked 
| 211|0x000000070e700000, 0x000000070e700000, 0x000000070e800000|  0%| F|  |TAMS 0x000000070e700000, 0x000000070e700000| Untracked 
| 212|0x000000070e800000, 0x000000070e800000, 0x000000070e900000|  0%| F|  |TAMS 0x000000070e800000, 0x000000070e800000| Untracked 
| 213|0x000000070e900000, 0x000000070e900000, 0x000000070ea00000|  0%| F|  |TAMS 0x000000070e900000, 0x000000070e900000| Untracked 
| 214|0x000000070ea00000, 0x000000070ea00000, 0x000000070eb00000|  0%| F|  |TAMS 0x000000070ea00000, 0x000000070ea00000| Untracked 
| 215|0x000000070eb00000, 0x000000070eb00000, 0x000000070ec00000|  0%| F|  |TAMS 0x000000070eb00000, 0x000000070eb00000| Untracked 
| 216|0x000000070ec00000, 0x000000070ec00000, 0x000000070ed00000|  0%| F|  |TAMS 0x000000070ec00000, 0x000000070ec00000| Untracked 
| 217|0x000000070ed00000, 0x000000070ed00000, 0x000000070ee00000|  0%| F|  |TAMS 0x000000070ed00000, 0x000000070ed00000| Untracked 
| 218|0x000000070ee00000, 0x000000070ee00000, 0x000000070ef00000|  0%| F|  |TAMS 0x000000070ee00000, 0x000000070ee00000| Untracked 
| 219|0x000000070ef00000, 0x000000070ef00000, 0x000000070f000000|  0%| F|  |TAMS 0x000000070ef00000, 0x000000070ef00000| Untracked 
| 220|0x000000070f000000, 0x000000070f000000, 0x000000070f100000|  0%| F|  |TAMS 0x000000070f000000, 0x000000070f000000| Untracked 
| 221|0x000000070f100000, 0x000000070f100000, 0x000000070f200000|  0%| F|  |TAMS 0x000000070f100000, 0x000000070f100000| Untracked 
| 222|0x000000070f200000, 0x000000070f200000, 0x000000070f300000|  0%| F|  |TAMS 0x000000070f200000, 0x000000070f200000| Untracked 
| 223|0x000000070f300000, 0x000000070f300000, 0x000000070f400000|  0%| F|  |TAMS 0x000000070f300000, 0x000000070f300000| Untracked 
| 224|0x000000070f400000, 0x000000070f400000, 0x000000070f500000|  0%| F|  |TAMS 0x000000070f400000, 0x000000070f400000| Untracked 
| 225|0x000000070f500000, 0x000000070f500000, 0x000000070f600000|  0%| F|  |TAMS 0x000000070f500000, 0x000000070f500000| Untracked 
| 226|0x000000070f600000, 0x000000070f600000, 0x000000070f700000|  0%| F|  |TAMS 0x000000070f600000, 0x000000070f600000| Untracked 
| 227|0x000000070f700000, 0x000000070f700000, 0x000000070f800000|  0%| F|  |TAMS 0x000000070f700000, 0x000000070f700000| Untracked 
| 228|0x000000070f800000, 0x000000070f800000, 0x000000070f900000|  0%| F|  |TAMS 0x000000070f800000, 0x000000070f800000| Untracked 
| 229|0x000000070f900000, 0x000000070fa00000, 0x000000070fa00000|100%| S|CS|TAMS 0x000000070f900000, 0x000000070f900000| Complete 
| 230|0x000000070fa00000, 0x000000070fb00000, 0x000000070fb00000|100%| S|CS|TAMS 0x000000070fa00000, 0x000000070fa00000| Complete 
| 231|0x000000070fb00000, 0x000000070fc00000, 0x000000070fc00000|100%| S|CS|TAMS 0x000000070fb00000, 0x000000070fb00000| Complete 
| 232|0x000000070fc00000, 0x000000070fc00000, 0x000000070fd00000|  0%| F|  |TAMS 0x000000070fc00000, 0x000000070fc00000| Untracked 
| 233|0x000000070fd00000, 0x000000070fd00000, 0x000000070fe00000|  0%| F|  |TAMS 0x000000070fd00000, 0x000000070fd00000| Untracked 
| 234|0x000000070fe00000, 0x000000070fe00000, 0x000000070ff00000|  0%| F|  |TAMS 0x000000070fe00000, 0x000000070fe00000| Untracked 
| 235|0x000000070ff00000, 0x000000070ff00000, 0x0000000710000000|  0%| F|  |TAMS 0x000000070ff00000, 0x000000070ff00000| Untracked 
| 236|0x0000000710000000, 0x0000000710000000, 0x0000000710100000|  0%| F|  |TAMS 0x0000000710000000, 0x0000000710000000| Untracked 
| 237|0x0000000710100000, 0x0000000710100000, 0x0000000710200000|  0%| F|  |TAMS 0x0000000710100000, 0x0000000710100000| Untracked 
| 238|0x0000000710200000, 0x0000000710280800, 0x0000000710300000| 50%| E|  |TAMS 0x0000000710200000, 0x0000000710200000| Complete 
| 239|0x0000000710300000, 0x0000000710400000, 0x0000000710400000|100%| E|CS|TAMS 0x0000000710300000, 0x0000000710300000| Complete 
| 240|0x0000000710400000, 0x0000000710500000, 0x0000000710500000|100%| E|CS|TAMS 0x0000000710400000, 0x0000000710400000| Complete 
| 241|0x0000000710500000, 0x0000000710600000, 0x0000000710600000|100%| E|CS|TAMS 0x0000000710500000, 0x0000000710500000| Complete 
| 242|0x0000000710600000, 0x0000000710700000, 0x0000000710700000|100%| E|CS|TAMS 0x0000000710600000, 0x0000000710600000| Complete 
| 243|0x0000000710700000, 0x0000000710800000, 0x0000000710800000|100%| E|CS|TAMS 0x0000000710700000, 0x0000000710700000| Complete 
| 244|0x0000000710800000, 0x0000000710900000, 0x0000000710900000|100%| E|CS|TAMS 0x0000000710800000, 0x0000000710800000| Complete 
| 245|0x0000000710900000, 0x0000000710a00000, 0x0000000710a00000|100%| E|CS|TAMS 0x0000000710900000, 0x0000000710900000| Complete 
| 246|0x0000000710a00000, 0x0000000710b00000, 0x0000000710b00000|100%| E|CS|TAMS 0x0000000710a00000, 0x0000000710a00000| Complete 
| 247|0x0000000710b00000, 0x0000000710c00000, 0x0000000710c00000|100%| E|CS|TAMS 0x0000000710b00000, 0x0000000710b00000| Complete 
| 248|0x0000000710c00000, 0x0000000710d00000, 0x0000000710d00000|100%| E|CS|TAMS 0x0000000710c00000, 0x0000000710c00000| Complete 
| 249|0x0000000710d00000, 0x0000000710e00000, 0x0000000710e00000|100%| E|CS|TAMS 0x0000000710d00000, 0x0000000710d00000| Complete 
| 250|0x0000000710e00000, 0x0000000710f00000, 0x0000000710f00000|100%| E|CS|TAMS 0x0000000710e00000, 0x0000000710e00000| Complete 
| 251|0x0000000710f00000, 0x0000000711000000, 0x0000000711000000|100%| E|CS|TAMS 0x0000000710f00000, 0x0000000710f00000| Complete 
| 252|0x0000000711000000, 0x0000000711100000, 0x0000000711100000|100%| E|CS|TAMS 0x0000000711000000, 0x0000000711000000| Complete 
| 253|0x0000000711100000, 0x0000000711200000, 0x0000000711200000|100%| E|CS|TAMS 0x0000000711100000, 0x0000000711100000| Complete 
| 254|0x0000000711200000, 0x0000000711300000, 0x0000000711300000|100%| E|CS|TAMS 0x0000000711200000, 0x0000000711200000| Complete 
| 255|0x0000000711300000, 0x0000000711400000, 0x0000000711400000|100%| E|CS|TAMS 0x0000000711300000, 0x0000000711300000| Complete 

Card table byte_map: [0x000002cf29de0000,0x000002cf2a5e0000] _byte_map_base: 0x000002cf265d6000

Marking Bits (Prev, Next): (CMBitMap*) 0x000002cf0ebb6128, (CMBitMap*) 0x000002cf0ebb6160
 Prev Bits: [0x000002cf2ade0000, 0x000002cf2ed90000)
 Next Bits: [0x000002cf2ed90000, 0x000002cf32d40000)

Polling page: 0x000002cf0ec30000

Metaspace:

Usage:
  Non-class:     13.33 MB capacity,    13.18 MB ( 99%) used,   139.11 KB (  1%) free+waste,    15.50 KB ( <1%) overhead. 
      Class:      1.57 MB capacity,     1.50 MB ( 95%) used,    72.81 KB (  5%) free+waste,     6.12 KB ( <1%) overhead. 
       Both:     14.90 MB capacity,    14.67 MB ( 98%) used,   211.92 KB (  1%) free+waste,    21.62 KB ( <1%) overhead. 

Virtual space:
  Non-class space:       14.00 MB reserved,      13.50 MB ( 96%) committed 
      Class space:        1.00 GB reserved,       1.62 MB ( <1%) committed 
             Both:        1.01 GB reserved,      15.12 MB (  1%) committed 

Chunk freelists:
   Non-Class:  47.00 KB
       Class:  21.00 KB
        Both:  68.00 KB

MaxMetaspaceSize: 17179869184.00 GB
CompressedClassSpaceSize: 1.00 GB
Initial GC threshold: 20.80 MB
Current GC threshold: 20.80 MB
CDS: off

CodeHeap 'non-profiled nmethods': size=120000Kb used=497Kb max_used=497Kb free=119502Kb
 bounds [0x000002cf21640000, 0x000002cf218b0000, 0x000002cf28b70000]
CodeHeap 'profiled nmethods': size=120000Kb used=2861Kb max_used=2861Kb free=117138Kb
 bounds [0x000002cf1a110000, 0x000002cf1a3e0000, 0x000002cf21640000]
CodeHeap 'non-nmethods': size=5760Kb used=1138Kb max_used=1160Kb free=4622Kb
 bounds [0x000002cf19b70000, 0x000002cf19de0000, 0x000002cf1a110000]
 total_blobs=1743 nmethods=1351 adapters=305
 compilation: enabled
              stopped_count=0, restarted_count=0
 full_count=0

Compilation events (20 events):
Event: 8.053 Thread 0x000002cf36180000 nmethod 1341 0x000002cf1a3d2290 code [0x000002cf1a3d2580, 0x000002cf1a3d3a28]
Event: 8.071 Thread 0x000002cf36180000 1343       3       com.google.inject.internal.MoreTypes::getGenericSupertype (136 bytes)
Event: 8.073 Thread 0x000002cf36180000 nmethod 1343 0x000002cf1a3d4010 code [0x000002cf1a3d44c0, 0x000002cf1a3d67d8]
Event: 8.090 Thread 0x000002cf36180000 1344       3       java.util.AbstractQueue::add (20 bytes)
Event: 8.090 Thread 0x000002cf36180000 nmethod 1344 0x000002cf1a3d7290 code [0x000002cf1a3d7460, 0x000002cf1a3d7738]
Event: 8.114 Thread 0x000002cf36180000 1345       3       com.google.inject.internal.Errors::hasErrors (16 bytes)
Event: 8.114 Thread 0x000002cf36180000 nmethod 1345 0x000002cf1a3d7810 code [0x000002cf1a3d79c0, 0x000002cf1a3d7b38]
Event: 8.306 Thread 0x000002cf3617a000 1346   !   4       java.lang.reflect.Executable::declaredAnnotations (85 bytes)
Event: 8.322 Thread 0x000002cf3617a000 nmethod 1346 0x000002cf216bad90 code [0x000002cf216bafe0, 0x000002cf216bbc60]
Event: 8.413 Thread 0x000002cf36180000 1347       3       com.google.inject.internal.Annotations::isBindingAnnotation (8 bytes)
Event: 8.414 Thread 0x000002cf36180000 nmethod 1347 0x000002cf1a3d7c10 code [0x000002cf1a3d7ea0, 0x000002cf1a3d89d8]
Event: 8.414 Thread 0x000002cf36180000 1348       3       com.google.inject.internal.Annotations$AnnotationChecker::hasAnnotations (17 bytes)
Event: 8.415 Thread 0x000002cf36180000 nmethod 1348 0x000002cf1a3d9010 code [0x000002cf1a3d92a0, 0x000002cf1a3d9d58]
Event: 8.438 Thread 0x000002cf36180000 1349       3       java.util.HashMap::tableSizeFor (32 bytes)
Event: 8.438 Thread 0x000002cf36180000 nmethod 1349 0x000002cf1a3da310 code [0x000002cf1a3da4e0, 0x000002cf1a3da6c8]
Event: 8.445 Thread 0x000002cf36180000 1350       3       com.google.inject.TypeLiteral::getSupertype (35 bytes)
Event: 8.446 Thread 0x000002cf36180000 nmethod 1350 0x000002cf1a3da790 code [0x000002cf1a3da9e0, 0x000002cf1a3db2b8]
Event: 8.460 Thread 0x000002cf3617a000 1351       4       java.lang.ThreadLocal::getMap (5 bytes)
Event: 8.460 Thread 0x000002cf3617a000 nmethod 1351 0x000002cf216bc210 code [0x000002cf216bc3a0, 0x000002cf216bc418]
Event: 8.512 Thread 0x000002cf3617a000 1352       4       jdk.internal.loader.URLClassPath::getResource (74 bytes)

GC Heap History (2 events):
Event: 4.455 GC heap before
{Heap before GC invocations=0 (full 0):
 garbage-first heap   total 262144K, used 23552K [0x0000000701400000, 0x0000000800000000)
  region size 1024K, 24 young (24576K), 0 survivors (0K)
 Metaspace       used 12860K, capacity 13087K, committed 13184K, reserved 1060864K
  class space    used 1285K, capacity 1381K, committed 1408K, reserved 1048576K
}
Event: 5.058 GC heap after
{Heap after GC invocations=1 (full 0):
 garbage-first heap   total 262144K, used 3677K [0x0000000701400000, 0x0000000800000000)
  region size 1024K, 3 young (3072K), 3 survivors (3072K)
 Metaspace       used 12860K, capacity 13087K, committed 13184K, reserved 1060864K
  class space    used 1285K, capacity 1381K, committed 1408K, reserved 1048576K
}

Deoptimization events (20 events):
Event: 5.567 Thread 0x000002cf0eb50800 DEOPT PACKING pc=0x000002cf21688278 sp=0x000000ebd12fd8a0
Event: 5.567 Thread 0x000002cf0eb50800 DEOPT UNPACKING pc=0x000002cf19bba1af sp=0x000000ebd12fd7b8 mode 2
Event: 6.196 Thread 0x000002cf0eb50800 Uncommon trap: trap_request=0xffffff4d fr.pc=0x000002cf2169fdd8 relative=0x0000000000000198
Event: 6.196 Thread 0x000002cf0eb50800 Uncommon trap: reason=unstable_if action=reinterpret pc=0x000002cf2169fdd8 method=java.util.HashMap.getNode(ILjava/lang/Object;)Ljava/util/HashMap$Node; @ 129 c2
Event: 6.196 Thread 0x000002cf0eb50800 DEOPT PACKING pc=0x000002cf2169fdd8 sp=0x000000ebd12fb350
Event: 6.196 Thread 0x000002cf0eb50800 DEOPT UNPACKING pc=0x000002cf19bba1af sp=0x000000ebd12fb250 mode 2
Event: 6.197 Thread 0x000002cf0eb50800 Uncommon trap: trap_request=0xffffff4d fr.pc=0x000002cf21685e34 relative=0x00000000000002d4
Event: 6.197 Thread 0x000002cf0eb50800 Uncommon trap: reason=unstable_if action=reinterpret pc=0x000002cf21685e34 method=java.util.HashMap.getNode(ILjava/lang/Object;)Ljava/util/HashMap$Node; @ 129 c2
Event: 6.197 Thread 0x000002cf0eb50800 DEOPT PACKING pc=0x000002cf21685e34 sp=0x000000ebd12fb2a0
Event: 6.197 Thread 0x000002cf0eb50800 DEOPT UNPACKING pc=0x000002cf19bba1af sp=0x000000ebd12fb238 mode 2
Event: 6.752 Thread 0x000002cf0eb50800 Uncommon trap: trap_request=0xffffff4d fr.pc=0x000002cf21698cd8 relative=0x0000000000000318
Event: 6.752 Thread 0x000002cf0eb50800 Uncommon trap: reason=unstable_if action=reinterpret pc=0x000002cf21698cd8 method=java.lang.String.<init>([CIILjava/lang/Void;)V @ 5 c2
Event: 6.752 Thread 0x000002cf0eb50800 DEOPT PACKING pc=0x000002cf21698cd8 sp=0x000000ebd12fd9c0
Event: 6.752 Thread 0x000002cf0eb50800 DEOPT UNPACKING pc=0x000002cf19bba1af sp=0x000000ebd12fd980 mode 2
Event: 7.232 Thread 0x000002cf0eb50800 Uncommon trap: trap_request=0xffffff4d fr.pc=0x000002cf21696ea0 relative=0x0000000000000100
Event: 7.232 Thread 0x000002cf0eb50800 Uncommon trap: reason=unstable_if action=reinterpret pc=0x000002cf21696ea0 method=java.lang.StringLatin1.lastIndexOf([BI[BII)I @ 86 c2
Event: 7.232 Thread 0x000002cf0eb50800 DEOPT PACKING pc=0x000002cf21696ea0 sp=0x000000ebd12fdad0
Event: 7.232 Thread 0x000002cf0eb50800 DEOPT UNPACKING pc=0x000002cf19bba1af sp=0x000000ebd12fda28 mode 2
Event: 7.960 Thread 0x000002cf0eb50800 DEOPT PACKING pc=0x000002cf1a3c7668 sp=0x000000ebd12f9ee0
Event: 7.960 Thread 0x000002cf0eb50800 DEOPT UNPACKING pc=0x000002cf19bba95e sp=0x000000ebd12f9328 mode 0

Classes redefined (0 events):
No events

Internal exceptions (1 events):
Event: 0.256 Thread 0x000002cf0eb50800 Exception <a 'java/lang/NoSuchMethodError'{0x00000007110310e0}: 'int java.lang.invoke.DirectMethodHandle$Holder.invokeSpecialIFC(java.lang.Object, java.lang.Object, int)'> (0x00000007110310e0) thrown at [./src/hotspot/share/interpreter/linkResolver.cpp, line 773]

Events (20 events):
Event: 8.461 loading class org/apache/maven/wagon/providers/http/wagon/shared/AbstractHttpClientWagon
Event: 8.461 loading class org/apache/maven/wagon/providers/http/wagon/shared/AbstractHttpClientWagon done
Event: 8.464 loading class org/apache/maven/wagon/StreamWagon
Event: 8.464 loading class org/apache/maven/wagon/StreamWagon done
Event: 8.468 loading class org/apache/maven/wagon/StreamingWagon
Event: 8.468 loading class org/apache/maven/wagon/StreamingWagon done
Event: 8.473 loading class org/apache/maven/wagon/AbstractWagon
Event: 8.473 loading class org/apache/maven/wagon/AbstractWagon done
Event: 8.490 loading class org/apache/maven/wagon/proxy/ProxyInfoProvider
Event: 8.490 loading class org/apache/maven/wagon/proxy/ProxyInfoProvider done
Event: 8.495 loading class org/apache/maven/wagon/ConnectionException
Event: 8.495 loading class org/apache/maven/wagon/ConnectionException done
Event: 8.497 loading class org/apache/maven/wagon/authentication/AuthenticationException
Event: 8.497 loading class org/apache/maven/wagon/authentication/AuthenticationException done
Event: 8.504 loading class org/apache/maven/wagon/LazyFileOutputStream
Event: 8.504 loading class org/apache/maven/wagon/LazyFileOutputStream done
Event: 8.504 loading class org/apache/maven/wagon/repository/Repository
Event: 8.504 loading class org/apache/maven/wagon/repository/Repository done
Event: 8.514 loading class org/apache/maven/wagon/events/SessionEventSupport
Event: 8.514 loading class org/apache/maven/wagon/events/SessionEventSupport done


Dynamic libraries:
0x00007ff667d90000 - 0x00007ff667d9e000 	C:\RECH\zulu11.0.15\x64\bin\java.exe
0x00007ff9c9e70000 - 0x00007ff9ca065000 	C:\Windows\SYSTEM32\ntdll.dll
0x00007ff9c9100000 - 0x00007ff9c91be000 	C:\Windows\System32\KERNEL32.DLL
0x00007ff9c7b00000 - 0x00007ff9c7dc9000 	C:\Windows\System32\KERNELBASE.dll
0x00007ff9c7590000 - 0x00007ff9c7690000 	C:\Windows\System32\ucrtbase.dll
0x00007ff9afa40000 - 0x00007ff9afa57000 	C:\RECH\zulu11.0.15\x64\bin\jli.dll
0x00007ff9b8830000 - 0x00007ff9b884b000 	C:\RECH\zulu11.0.15\x64\bin\VCRUNTIME140.dll
0x00007ff9c8320000 - 0x00007ff9c84c1000 	C:\Windows\System32\USER32.dll
0x00007ff9c79d0000 - 0x00007ff9c79f2000 	C:\Windows\System32\win32u.dll
0x00007ff9a6dd0000 - 0x00007ff9a706a000 	C:\Windows\WinSxS\amd64_microsoft.windows.common-controls_6595b64144ccf1df_6.0.19041.1110_none_60b5254171f9507e\COMCTL32.dll
0x00007ff9c8570000 - 0x00007ff9c859b000 	C:\Windows\System32\GDI32.dll
0x00007ff9c8790000 - 0x00007ff9c882e000 	C:\Windows\System32\msvcrt.dll
0x00007ff9c78c0000 - 0x00007ff9c79cb000 	C:\Windows\System32\gdi32full.dll
0x00007ff9c7690000 - 0x00007ff9c772d000 	C:\Windows\System32\msvcp_win.dll
0x00007ff9c9c30000 - 0x00007ff9c9c60000 	C:\Windows\System32\IMM32.DLL
0x00007ff9bfa70000 - 0x00007ff9bfa7c000 	C:\RECH\zulu11.0.15\x64\bin\vcruntime140_1.dll
0x00007ff9a17c0000 - 0x00007ff9a184d000 	C:\RECH\zulu11.0.15\x64\bin\msvcp140.dll
0x00007ff979d30000 - 0x00007ff97a8f8000 	C:\RECH\zulu11.0.15\x64\bin\server\jvm.dll
0x00007ff9c9300000 - 0x00007ff9c93ac000 	C:\Windows\System32\ADVAPI32.dll
0x00007ff9c8280000 - 0x00007ff9c831b000 	C:\Windows\System32\sechost.dll
0x00007ff9c91d0000 - 0x00007ff9c92fa000 	C:\Windows\System32\RPCRT4.dll
0x00007ff9c91c0000 - 0x00007ff9c91c8000 	C:\Windows\System32\PSAPI.DLL
0x00007ff9b0de0000 - 0x00007ff9b0e07000 	C:\Windows\SYSTEM32\WINMM.dll
0x00007ff9b0d80000 - 0x00007ff9b0d89000 	C:\Windows\SYSTEM32\WSOCK32.dll
0x00007ff9baed0000 - 0x00007ff9baeda000 	C:\Windows\SYSTEM32\VERSION.dll
0x00007ff9c93b0000 - 0x00007ff9c941b000 	C:\Windows\System32\WS2_32.dll
0x00007ff9c54b0000 - 0x00007ff9c54c2000 	C:\Windows\SYSTEM32\kernel.appcore.dll
0x00007ff9bf960000 - 0x00007ff9bf970000 	C:\RECH\zulu11.0.15\x64\bin\verify.dll
0x00007ff9b3630000 - 0x00007ff9b3814000 	C:\Windows\SYSTEM32\DBGHELP.DLL
0x00007ff9b3500000 - 0x00007ff9b352c000 	C:\Windows\SYSTEM32\dbgcore.DLL
0x00007ff9c7dd0000 - 0x00007ff9c7e53000 	C:\Windows\System32\bcryptPrimitives.dll
0x00007ff9ad890000 - 0x00007ff9ad8b8000 	C:\RECH\zulu11.0.15\x64\bin\java.dll
0x00007ff9bd300000 - 0x00007ff9bd30a000 	C:\RECH\zulu11.0.15\x64\bin\jimage.dll
0x00007ff9b3160000 - 0x00007ff9b3178000 	C:\RECH\zulu11.0.15\x64\bin\zip.dll
0x00007ff9c89c0000 - 0x00007ff9c90ff000 	C:\Windows\System32\SHELL32.dll
0x00007ff9c56b0000 - 0x00007ff9c5e40000 	C:\Windows\SYSTEM32\windows.storage.dll
0x00007ff9c7f20000 - 0x00007ff9c8275000 	C:\Windows\System32\combase.dll
0x00007ff9c6f10000 - 0x00007ff9c6f3c000 	C:\Windows\SYSTEM32\Wldp.dll
0x00007ff9c8910000 - 0x00007ff9c89bd000 	C:\Windows\System32\SHCORE.dll
0x00007ff9c8670000 - 0x00007ff9c86c5000 	C:\Windows\System32\shlwapi.dll
0x00007ff9c74d0000 - 0x00007ff9c74ef000 	C:\Windows\SYSTEM32\profapi.dll
0x00007ff9ad870000 - 0x00007ff9ad889000 	C:\RECH\zulu11.0.15\x64\bin\net.dll
0x00007ff9bc540000 - 0x00007ff9bc648000 	C:\Windows\SYSTEM32\WINHTTP.dll
0x00007ff9c6c70000 - 0x00007ff9c6cda000 	C:\Windows\system32\mswsock.dll
0x00007ff9ad850000 - 0x00007ff9ad862000 	C:\RECH\zulu11.0.15\x64\bin\nio.dll
0x00007ff9afa20000 - 0x00007ff9afa2a000 	F:\DIV\maven\lib\jansi-native\windows64\jansi.dll

dbghelp: loaded successfully - version: 4.0.5 - missing functions: none
symbol engine: initialized successfully - sym options: 0x614 - pdb path: .;C:\RECH\zulu11.0.15\x64\bin;C:\Windows\SYSTEM32;C:\Windows\WinSxS\amd64_microsoft.windows.common-controls_6595b64144ccf1df_6.0.19041.1110_none_60b5254171f9507e;C:\RECH\zulu11.0.15\x64\bin\server;F:\DIV\maven\lib\jansi-native\windows64

VM Arguments:
jvm_args: -Dclassworlds.conf=F:\DIV\maven\bin\..\bin\m2.conf -Dmaven.home=F:\DIV\maven\bin\.. -Dlibrary.jansi.path=F:\DIV\maven\bin\..\lib\jansi-native -Dmaven.multiModuleProjectDirectory=C:\Users\lamb\Documents\NetBeansProjects\TestesLogicos 
java_command: org.codehaus.plexus.classworlds.launcher.Launcher -Dexec.args=-classpath %classpath com.mycompany.testeslogicos.Teste -Dexec.executable=C:\RECH\zulu11.0.15\x64\bin\java.exe -Dmaven.ext.class.path=C:\isCOBOL\Netbeans_11\java\maven-nblib\netbeans-eventspy.jar -Dfile.encoding=UTF-8 org.codehaus.mojo:exec-maven-plugin:1.5.0:exec
java_class_path (initial): F:\DIV\maven\bin\..\boot\plexus-classworlds-2.5.2.jar
Launcher Type: SUN_STANDARD

[Global flags]
     intx CICompilerCount                          = 4                                         {product} {ergonomic}
     uint ConcGCThreads                            = 2                                         {product} {ergonomic}
     uint G1ConcRefinementThreads                  = 8                                         {product} {ergonomic}
   size_t G1HeapRegionSize                         = 1048576                                   {product} {ergonomic}
    uintx GCDrainStackTargetSize                   = 64                                        {product} {ergonomic}
   size_t InitialHeapSize                          = 268435456                                 {product} {ergonomic}
   size_t MarkStackSize                            = 4194304                                   {product} {ergonomic}
   size_t MaxHeapSize                              = 4273995776                                {product} {ergonomic}
   size_t MaxNewSize                               = 2563768320                                {product} {ergonomic}
   size_t MinHeapDeltaBytes                        = 1048576                                   {product} {ergonomic}
    uintx NonNMethodCodeHeapSize                   = 5836300                                {pd product} {ergonomic}
    uintx NonProfiledCodeHeapSize                  = 122910970                              {pd product} {ergonomic}
    uintx ProfiledCodeHeapSize                     = 122910970                              {pd product} {ergonomic}
    uintx ReservedCodeCacheSize                    = 251658240                              {pd product} {ergonomic}
     bool SegmentedCodeCache                       = true                                      {product} {ergonomic}
     bool UseCompressedClassPointers               = true                                 {lp64_product} {ergonomic}
     bool UseCompressedOops                        = true                                 {lp64_product} {ergonomic}
     bool UseG1GC                                  = true                                      {product} {ergonomic}
     bool UseLargePagesIndividualAllocation        = false                                  {pd product} {ergonomic}

Logging:
Log output configuration:
 #0: stdout all=warning uptime,level,tags
 #1: stderr all=off uptime,level,tags

Environment Variables:
JAVA_HOME=C:\RECH\zulu11.0.15\x64
PATH=C:\rechint\oracle\bin;C:\Windows\system32;C:\Windows;C:\Windows\System32\Wbem;C:\Windows\System32\WindowsPowerShell\v1.0\;C:\Windows\System32\OpenSSH\;S:\Bat;S:\Div;F:\OBJ\NET\RTS;C:\Program Files\TortoiseSVN\bin;C:\ProgramData\chocolatey\bin;C:\Users\lamb\AppData\Local\Microsoft\WindowsApps;;F:\Div\MinGW\bin;F:\Div\MinGW\MSYS\1.0\bin;
USERNAME=Wellington
OS=Windows_NT
PROCESSOR_IDENTIFIER=Intel64 Family 6 Model 60 Stepping 3, GenuineIntel



---------------  S Y S T E M  ---------------

OS: Windows 10 , 64 bit Build 19041 (10.0.19041.1202)
OS uptime: 0 days 2:32 hours

CPU:total 8 (initial active 8) (4 cores per cpu, 2 threads per core) family 6 model 60 stepping 3 microcode 0x27, cmov, cx8, fxsr, mmx, sse, sse2, sse3, ssse3, sse4.1, sse4.2, popcnt, avx, avx2, aes, clmul, erms, lzcnt, ht, tsc, tscinvbit, bmi1, bmi2, fma

Memory: 4k page, system-wide physical 16301M (7582M free)
TotalPageFile size 32685M (AvailPageFile size 0M)
current process WorkingSet (physical memory assigned to process): 89M, peak: 89M
current process commit charge ("private bytes"): 359M, peak: 360M

vm_info: OpenJDK 64-Bit Server VM (11.0.15+10-LTS) for windows-amd64 JRE (Zulu11.56+19-CA) (11.0.15+10-LTS), built on Apr 17 2022 09:03:51 by "zulu_re" with MS VC++ 16.10 / 16.11 (VS2019)

END.
